Arguments: 
  /usr/local/bin/node /usr/local/bin/yarn init

PATH: 
  /usr/local/bin:/usr/bin:/bin:/usr/sbin:/sbin:/Library/TeX/texbin

Yarn version: 
  1.22.10

Node version: 
  14.17.1

Platform: 
  darwin x64

Trace: 
  Error: canceled
      at Interface.<anonymous> (/usr/local/lib/node_modules/yarn/lib/cli.js:136216:13)
      at Interface.emit (events.js:375:28)
      at Interface._ttyWrite (readline.js:910:16)
      at ReadStream.onkeypress (readline.js:235:10)
      at ReadStream.emit (events.js:375:28)
      at emitKeys (internal/readline/utils.js:358:14)
      at emitKeys.next (<anonymous>)
      at ReadStream.onData (readline.js:1179:36)
      at ReadStream.emit (events.js:375:28)
      at addChunk (internal/streams/readable.js:290:12)

npm manifest: 
  {
    "name": "contracts-starter",
    "version": "1.0.0",
    "description": "Template for contract projects.",
    "main": "index.js",
    "scripts": {
      "test": "echo \"Error: no test specified\" && exit 1"
    },
    "repository": {
      "type": "git",
      "url": "git+https://github.com/mudgen/contracts-starter.git"
    },
    "author": "Nick Mudge",
    "license": "MIT",
    "bugs": {
      "url": "https://github.com/mudgen/contracts-starter/issues"
    },
    "homepage": "https://github.com/mudgen/contracts-starter#readme",
    "devDependencies": {
      "@nomicfoundation/hardhat-toolbox": "^1.0.2",
      "@nomiclabs/hardhat-ethers": "^2.0.2",
      "@nomiclabs/hardhat-waffle": "^2.0.1",
      "@typechain/ethers-v5": "^10.1.0",
      "@typechain/hardhat": "^6.1.2",
      "chai": "^4.3.4",
      "dotenv": "^8.6.0",
      "ethers": "^5.4.1",
      "hardhat": "^2.4.1",
      "prettier": "^2.3.2",
      "prettier-plugin-solidity": "^1.0.0-beta.13",
      "standard": "^16.0.3",
      "typechain": "^8.1.0"
    },
    "dependencies": {
      "@nomicfoundation/hardhat-network-helpers": "^1.0.4",
      "@openzeppelin/contracts": "^4.7.2",
      "hardhat-diamond-abi": "^3.0.1"
    }
  }

yarn manifest: 
  No manifest

Lockfile: 
  No lockfile
